-------------------------------------------------------------------------------
Test set: com.goalarchive.system.VisualizzazioneRosaSystemTest
-------------------------------------------------------------------------------
Tests run: 4, Failures: 1, Errors: 0, Skipped: 0, Time elapsed: 66.46 s <<< FAILURE! -- in com.goalarchive.system.VisualizzazioneRosaSystemTest
com.goalarchive.system.VisualizzazioneRosaSystemTest.testVisualizzazioneListaClubs -- Time elapsed: 22.69 s <<< FAILURE!
org.opentest4j.AssertionFailedError: La pagina deve contenere contenuto ==> expected: <true> but was: <false>
	at org.junit.jupiter.api.AssertionFailureBuilder.build(AssertionFailureBuilder.java:151)
	at org.junit.jupiter.api.AssertionFailureBuilder.buildAndThrow(AssertionFailureBuilder.java:132)
	at org.junit.jupiter.api.AssertTrue.failNotTrue(AssertTrue.java:63)
	at org.junit.jupiter.api.AssertTrue.assertTrue(AssertTrue.java:36)
	at org.junit.jupiter.api.Assertions.assertTrue(Assertions.java:214)
	at com.goalarchive.system.VisualizzazioneRosaSystemTest.testVisualizzazioneListaClubs(VisualizzazioneRosaSystemTest.java:57)
	at java.base/java.lang.reflect.Method.invoke(Method.java:580)
	at java.base/java.util.ArrayList.forEach(ArrayList.java:1596)
	at java.base/java.util.ArrayList.forEach(ArrayList.java:1596)

