<?xml version="1.0" encoding="UTF-8"?>
<testsuite xmlns:xsi="http://www.w3.org/2001/XMLSchema-instance" xsi:noNamespaceSchemaLocation="https://maven.apache.org/surefire/maven-failsafe-plugin/xsd/failsafe-test-report-3.0.xsd" version="3.0" name="com.goalarchive.integration.LoginIntegrationTest" time="0.5" tests="4" errors="0" skipped="0" failures="0">
  <properties>
[...]
</properties>
  <testcase name="testVerificaLoginAdmin" classname="com.goalarchive.integration.LoginIntegrationTest" time="0.046"/>
  <testcase name="testVerificaPasswordErrata" classname="com.goalarchive.integration.LoginIntegrationTest" time="0.004"/>
  <testcase name="testVerificaCredenzialiCorrette" classname="com.goalarchive.integration.LoginIntegrationTest" time="0.002"/>
  <testcase name="testVerificaCredenzialiErrate" classname="com.goalarchive.integration.LoginIntegrationTest" time="0.0"/>
</testsuite>