-------------------------------------------------------------------------------
Test set: com.goalarchive.integration.VisualizzazioneRosaIntegrationTest
-------------------------------------------------------------------------------
Tests run: 1, Failures: 0, Errors: 1, Skipped: 0, Time elapsed: 0.026 s <<< FAILURE! -- in com.goalarchive.integration.VisualizzazioneRosaIntegrationTest
com.goalarchive.integration.VisualizzazioneRosaIntegrationTest -- Time elapsed: 0.026 s <<< ERROR!
java.lang.RuntimeException: Errore setup database
	at com.goalarchive.integration.VisualizzazioneRosaIntegrationTest.setupDatabase(VisualizzazioneRosaIntegrationTest.java:20)
	at java.base/java.lang.reflect.Method.invoke(Method.java:580)
	at java.base/java.util.ArrayList.forEach(ArrayList.java:1597)
Caused by: org.h2.jdbc.JdbcSQLIntegrityConstraintViolationException: Referential integrity constraint violation: "CONSTRAINT_8B: PUBLIC.ROSE_STAGIONALI FOREIGN KEY(ID_CLUB) REFERENCES PUBLIC.CLUBS(ID_CLUB) (1)"; SQL statement:
INSERT INTO rose_stagionali (id_club, id_calciatore, stagione, presenze, gol) VALUES (1, 1, '2023-2024', 30, 15) [23506-224]
	at org.h2.message.DbException.getJdbcSQLException(DbException.java:520)
	at org.h2.message.DbException.getJdbcSQLException(DbException.java:489)
	at org.h2.message.DbException.get(DbException.java:223)
	at org.h2.message.DbException.get(DbException.java:199)
	at org.h2.constraint.ConstraintReferential.checkRowOwnTable(ConstraintReferential.java:311)
	at org.h2.constraint.ConstraintReferential.checkRow(ConstraintReferential.java:252)
	at org.h2.table.Table.fireConstraints(Table.java:1200)
	at org.h2.table.Table.fireAfterRow(Table.java:1218)
	at org.h2.command.dml.Insert.insertRows(Insert.java:188)
	at org.h2.command.dml.Insert.update(Insert.java:135)
	at org.h2.command.dml.DataChangeStatement.update(DataChangeStatement.java:74)
	at org.h2.command.CommandContainer.update(CommandContainer.java:169)
	at org.h2.command.Command.executeUpdate(Command.java:256)
	at org.h2.jdbc.JdbcStatement.executeInternal(JdbcStatement.java:262)
	at org.h2.jdbc.JdbcStatement.execute(JdbcStatement.java:231)
	at com.goalarchive.integration.TestDatabaseSetup.insertTestData(TestDatabaseSetup.java:172)
	at com.goalarchive.integration.VisualizzazioneRosaIntegrationTest.setupDatabase(VisualizzazioneRosaIntegrationTest.java:18)
	... 2 more

